# JRE version: OpenJDK Runtime Environment AdoptOpenJDK-17+20-202105070000 (17.0+20) (build 17+20-202105070000)
# Java VM: OpenJDK 64-Bit Server VM AdoptOpenJDK-17+20-202105070000 (17+20-202105070000, mixed mode, sharing, tiered, compressed oops, compressed class ptrs, g1 gc, windows-amd64)
GC Precious Log:
 CPUs: 8 total, 8 available
 Memory: 32614M
 Large Page Support: Disabled
 NUMA Support: Disabled
 Compressed Oops: Enabled (Zero based)
 Heap Region Size: 32M
 Heap Min Capacity: 1G
 Heap Initial Capacity: 1G
 Heap Max Capacity: 6G
 Pre-touch: Disabled
 Parallel Workers: 8
 Concurrent Workers: 2
 Concurrent Refinement Workers: 8
 Periodic GC: Disabled
Heap:
 garbage-first heap   total 2293760K, used 1244073K [0x0000000680000000, 0x0000000800000000)
  region size 32768K, 20 young (655360K), 1 survivors (32768K)
 Metaspace       used 78379K, committed 79296K, reserved 1122304K
  class space    used 13298K, committed 13760K, reserved 1048576K
GC Heap History (20 events):
Event: 460.489 GC heap before
{Heap before GC invocations=127 (full 0):
 garbage-first heap   total 2293760K, used 1766957K [0x0000000680000000, 0x0000000800000000)
  region size 32768K, 34 young (1114112K), 1 survivors (32768K)
 Metaspace       used 78201K, committed 79168K, reserved 1114112K
  class space    used 13287K, committed 13760K, reserved 1048576K
}
Event: 460.499 GC heap after
{Heap after GC invocations=128 (full 0):
 garbage-first heap   total 2293760K, used 686886K [0x0000000680000000, 0x0000000800000000)
  region size 32768K, 1 young (32768K), 1 survivors (32768K)
 Metaspace       used 78201K, committed 79168K, reserved 1114112K
  class space    used 13287K, committed 13760K, reserved 1048576K
}
Event: 465.207 GC heap before
{Heap before GC invocations=128 (full 0):
 garbage-first heap   total 2293760K, used 1768230K [0x0000000680000000, 0x0000000800000000)
  region size 32768K, 34 young (1114112K), 1 survivors (32768K)
 Metaspace       used 78219K, committed 79168K, reserved 1114112K
  class space    used 13287K, committed 13760K, reserved 1048576K
}
Event: 465.217 GC heap after
{Heap after GC invocations=129 (full 0):
 garbage-first heap   total 2293760K, used 686816K [0x0000000680000000, 0x0000000800000000)
  region size 32768K, 1 young (32768K), 1 survivors (32768K)
 Metaspace       used 78219K, committed 79168K, reserved 1114112K
  class space    used 13287K, committed 13760K, reserved 1048576K
}
Event: 470.403 GC heap before
{Heap before GC invocations=129 (full 0):
 garbage-first heap   total 2293760K, used 1768160K [0x0000000680000000, 0x0000000800000000)
  region size 32768K, 34 young (1114112K), 1 survivors (32768K)
 Metaspace       used 78231K, committed 79232K, reserved 1114112K
  class space    used 13287K, committed 13760K, reserved 1048576K
}
Event: 470.416 GC heap after
{Heap after GC invocations=130 (full 0):
 garbage-first heap   total 2293760K, used 687124K [0x0000000680000000, 0x0000000800000000)
  region size 32768K, 1 young (32768K), 1 survivors (32768K)
 Metaspace       used 78231K, committed 79232K, reserved 1114112K
  class space    used 13287K, committed 13760K, reserved 1048576K
}
Event: 475.711 GC heap before
{Heap before GC invocations=130 (full 0):
 garbage-first heap   total 2293760K, used 1735700K [0x0000000680000000, 0x0000000800000000)
  region size 32768K, 34 young (1114112K), 1 survivors (32768K)
 Metaspace       used 78237K, committed 79232K, reserved 1114112K
  class space    used 13287K, committed 13760K, reserved 1048576K
}
Event: 475.721 GC heap after
{Heap after GC invocations=131 (full 0):
 garbage-first heap   total 2293760K, used 686353K [0x0000000680000000, 0x0000000800000000)
  region size 32768K, 1 young (32768K), 1 survivors (32768K)
 Metaspace       used 78237K, committed 79232K, reserved 1114112K
  class space    used 13287K, committed 13760K, reserved 1048576K
}
Event: 479.769 GC heap before
{Heap before GC invocations=131 (full 0):
 garbage-first heap   total 2293760K, used 1734929K [0x0000000680000000, 0x0000000800000000)
  region size 32768K, 34 young (1114112K), 1 survivors (32768K)
 Metaspace       used 78243K, committed 79232K, reserved 1114112K
  class space    used 13287K, committed 13760K, reserved 1048576K
}
Event: 479.779 GC heap after
{Heap after GC invocations=132 (full 0):
 garbage-first heap   total 2293760K, used 687637K [0x0000000680000000, 0x0000000800000000)
  region size 32768K, 1 young (32768K), 1 survivors (32768K)
 Metaspace       used 78243K, committed 79232K, reserved 1114112K
  class space    used 13287K, committed 13760K, reserved 1048576K
}
Event: 485.205 GC heap before
{Heap before GC invocations=132 (full 0):
 garbage-first heap   total 2293760K, used 1736213K [0x0000000680000000, 0x0000000800000000)
  region size 32768K, 34 young (1114112K), 1 survivors (32768K)
 Metaspace       used 78254K, committed 79232K, reserved 1114112K
  class space    used 13288K, committed 13760K, reserved 1048576K
}
Event: 485.217 GC heap after
{Heap after GC invocations=133 (full 0):
 garbage-first heap   total 2293760K, used 687045K [0x0000000680000000, 0x0000000800000000)
  region size 32768K, 1 young (32768K), 1 survivors (32768K)
 Metaspace       used 78254K, committed 79232K, reserved 1114112K
  class space    used 13288K, committed 13760K, reserved 1048576K
}
Event: 490.367 GC heap before
{Heap before GC invocations=133 (full 0):
 garbage-first heap   total 2293760K, used 1768389K [0x0000000680000000, 0x0000000800000000)
  region size 32768K, 34 young (1114112K), 1 survivors (32768K)
 Metaspace       used 78260K, committed 79232K, reserved 1114112K
  class space    used 13288K, committed 13760K, reserved 1048576K
}
Event: 490.378 GC heap after
{Heap after GC invocations=134 (full 0):
 garbage-first heap   total 2293760K, used 688111K [0x0000000680000000, 0x0000000800000000)
  region size 32768K, 1 young (32768K), 1 survivors (32768K)
 Metaspace       used 78260K, committed 79232K, reserved 1114112K
  class space    used 13288K, committed 13760K, reserved 1048576K
}
Event: 495.380 GC heap before
{Heap before GC invocations=134 (full 0):
 garbage-first heap   total 2293760K, used 1769455K [0x0000000680000000, 0x0000000800000000)
  region size 32768K, 34 young (1114112K), 1 survivors (32768K)
 Metaspace       used 78273K, committed 79232K, reserved 1114112K
  class space    used 13288K, committed 13760K, reserved 1048576K
}
Event: 495.392 GC heap after
{Heap after GC invocations=135 (full 0):
 garbage-first heap   total 2293760K, used 687515K [0x0000000680000000, 0x0000000800000000)
  region size 32768K, 1 young (32768K), 1 survivors (32768K)
 Metaspace       used 78273K, committed 79232K, reserved 1114112K
  class space    used 13288K, committed 13760K, reserved 1048576K
}
Event: 500.617 GC heap before
{Heap before GC invocations=135 (full 0):
 garbage-first heap   total 2293760K, used 1768859K [0x0000000680000000, 0x0000000800000000)
  region size 32768K, 34 young (1114112K), 1 survivors (32768K)
 Metaspace       used 78296K, committed 79232K, reserved 1114112K
  class space    used 13288K, committed 13760K, reserved 1048576K
}
Event: 500.629 GC heap after
{Heap after GC invocations=136 (full 0):
 garbage-first heap   total 2293760K, used 688013K [0x0000000680000000, 0x0000000800000000)
  region size 32768K, 1 young (32768K), 1 survivors (32768K)
 Metaspace       used 78296K, committed 79232K, reserved 1114112K
  class space    used 13288K, committed 13760K, reserved 1048576K
}
Event: 505.949 GC heap before
{Heap before GC invocations=136 (full 0):
 garbage-first heap   total 2293760K, used 1769357K [0x0000000680000000, 0x0000000800000000)
  region size 32768K, 34 young (1114112K), 1 survivors (32768K)
 Metaspace       used 78332K, committed 79296K, reserved 1122304K
  class space    used 13292K, committed 13760K, reserved 1048576K
}
Event: 505.961 GC heap after
{Heap after GC invocations=137 (full 0):
 garbage-first heap   total 2293760K, used 687017K [0x0000000680000000, 0x0000000800000000)
  region size 32768K, 1 young (32768K), 1 survivors (32768K)
 Metaspace       used 78332K, committed 79296K, reserved 1122304K
  class space    used 13292K, committed 13760K, reserved 1048576K
}

